Unity Editor version:    2022.3.16f1 (d2c21f0ef2f1)
Branch:                  2022.3/staging
Build type:              Release
Batch mode:              YES
macOS version:           Version 14.0 (Build 23A344)
Darwin version:          23.0.0
Architecture:            x86_64
Running under Rosetta:   NO
Available memory:        32768 MB
Using pre-set license
Pro License: YES

COMMAND LINE ARGUMENTS:
/Applications/Unity/Unity.app/Contents/MacOS/Unity
-adb2
-batchMode
-noUpm
-name
AssetImportWorker3
-projectPath
/Users/mac/Documents/myUnityGames/Pokemon/Pokemon
-logFile
Logs/AssetImportWorker3.log
-srvPort
60932
Successfully changed project path to: /Users/mac/Documents/myUnityGames/Pokemon/Pokemon
/Users/mac/Documents/myUnityGames/Pokemon/Pokemon
[UnityMemory] Configuration Parameters - Can be set up in boot.config
    "memorysetup-bucket-allocator-granularity=16"
    "memorysetup-bucket-allocator-bucket-count=8"
    "memorysetup-bucket-allocator-block-size=33554432"
    "memorysetup-bucket-allocator-block-count=8"
    "memorysetup-main-allocator-block-size=16777216"
    "memorysetup-thread-allocator-block-size=16777216"
    "memorysetup-gfx-main-allocator-block-size=16777216"
    "memorysetup-gfx-thread-allocator-block-size=16777216"
    "memorysetup-cache-allocator-block-size=4194304"
    "memorysetup-typetree-allocator-block-size=2097152"
    "memorysetup-profiler-bucket-allocator-granularity=16"
    "memorysetup-profiler-bucket-allocator-bucket-count=8"
    "memorysetup-profiler-bucket-allocator-block-size=33554432"
    "memorysetup-profiler-bucket-allocator-block-count=8"
    "memorysetup-profiler-allocator-block-size=16777216"
    "memorysetup-profiler-editor-allocator-block-size=1048576"
    "memorysetup-temp-allocator-size-main=16777216"
    "memorysetup-job-temp-allocator-block-size=2097152"
    "memorysetup-job-temp-allocator-block-size-background=1048576"
    "memorysetup-job-temp-allocator-reduction-small-platforms=262144"
    "memorysetup-allocator-temp-initial-block-size-main=262144"
    "memorysetup-allocator-temp-initial-block-size-worker=262144"
    "memorysetup-temp-allocator-size-background-worker=32768"
    "memorysetup-temp-allocator-size-job-worker=262144"
    "memorysetup-temp-allocator-size-preload-manager=33554432"
    "memorysetup-temp-allocator-size-nav-mesh-worker=65536"
    "memorysetup-temp-allocator-size-audio-worker=65536"
    "memorysetup-temp-allocator-size-cloud-worker=32768"
    "memorysetup-temp-allocator-size-gi-baking-worker=262144"
    "memorysetup-temp-allocator-size-gfx=262144"
Player connection [140704624758400] Host "[IP] 192.168.1.202 [Port] 0 [Flags] 2 [Guid] 478624730 [EditorId] 478624730 [Version] 1048832 [Id] OSXEditor(0,Sagi-azulays-MacBook-Pro.local) [Debug] 1 [PackageName] OSXEditor [ProjectName] Editor" joined multi-casting on [225.0.0.222:54997]...

Player connection [140704624758400] Host "[IP] 192.168.1.202 [Port] 0 [Flags] 2 [Guid] 478624730 [EditorId] 478624730 [Version] 1048832 [Id] OSXEditor(0,Sagi-azulays-MacBook-Pro.local) [Debug] 1 [PackageName] OSXEditor [ProjectName] Editor" joined alternative multi-casting on [225.0.0.222:34997]...

[Physics::Module] Initialized MultithreadedJobDispatcher with 15 workers.
Refreshing native plugins compatible for Editor in 30.19 ms, found 3 plugins.
Preloading 0 native plugins for Editor in 0.00 ms.
Initialize engine version: 2022.3.16f1 (d2c21f0ef2f1)
[Subsystems] Discovering subsystems at path /Applications/Unity/Unity.app/Contents/Resources/UnitySubsystems
[Subsystems] Discovering subsystems at path /Users/mac/Documents/myUnityGames/Pokemon/Pokemon/Assets
GfxDevice: creating device client; threaded=0; jobified=0
Color LCD preferred device: AMD Radeon Pro 5300M (high power)
Metal devices available: 2
0: AMD Radeon Pro 5300M (high power)
1: Intel(R) UHD Graphics 630 (low power)
Using device AMD Radeon Pro 5300M (high power)
Initializing Metal device caps: AMD Radeon Pro 5300M
Initialize mono
Mono path[0] = '/Applications/Unity/Unity.app/Contents/Managed'
Mono path[1] = '/Applications/Unity/Unity.app/Contents/MonoBleedingEdge/lib/mono/unityjit-macos'
Mono config path = '/Applications/Unity/Unity.app/Contents/MonoBleedingEdge/etc'
Using monoOptions --debugger-agent=transport=dt_socket,embedding=1,server=y,suspend=n,address=127.0.0.1:56125
Begin MonoManager ReloadAssembly
Registering precompiled unity dll's ...
Register platform support module: /Applications/Unity/PlaybackEngines/WebGLSupport/UnityEditor.WebGL.Extensions.dll
Register platform support module: /Applications/Unity/Unity.app/Contents/PlaybackEngines/MacStandaloneSupport/UnityEditor.OSXStandalone.Extensions.dll
Registered in 0.006869 seconds.
- Loaded All Assemblies, in  0.689 seconds
Native extension for OSXStandalone target not found
Native extension for WebGL target not found
Mono: successfully reloaded assembly
- Finished resetting the current domain, in  0.526 seconds
Domain Reload Profiling: 1215ms
	BeginReloadAssembly (212ms)
		ExecutionOrderSort (0ms)
		DisableScriptedObjects (0ms)
		BackupInstance (0ms)
		ReleaseScriptingObjects (0ms)
		CreateAndSetChildDomain (1ms)
	RebuildCommonClasses (69ms)
	RebuildNativeTypeToScriptingClass (20ms)
	initialDomainReloadingComplete (100ms)
	LoadAllAssembliesAndSetupDomain (288ms)
		LoadAssemblies (213ms)
		RebuildTransferFunctionScriptingTraits (0ms)
		AnalyzeDomain (283ms)
			TypeCache.Refresh (280ms)
				TypeCache.ScanAssembly (257ms)
			ScanForSourceGeneratedMonoScriptInfo (1ms)
			ResolveRequiredComponents (1ms)
	FinalizeReload (526ms)
		ReleaseScriptCaches (0ms)
		RebuildScriptCaches (0ms)
		SetupLoadedEditorAssemblies (407ms)
			LogAssemblyErrors (0ms)
			InitializePlatformSupportModulesInManaged (15ms)
			SetLoadedEditorAssemblies (11ms)
			RefreshPlugins (0ms)
			BeforeProcessingInitializeOnLoad (4ms)
			ProcessInitializeOnLoadAttributes (290ms)
			ProcessInitializeOnLoadMethodAttributes (86ms)
			AfterProcessingInitializeOnLoad (0ms)
			EditorAssembliesLoaded (0ms)
		ExecutionOrderSort2 (0ms)
		AwakeInstancesAfterBackupRestoration (0ms)
========================================================================
Worker process is ready to serve import requests
Begin MonoManager ReloadAssembly
- Loaded All Assemblies, in  1.201 seconds
Refreshing native plugins compatible for Editor in 3.23 ms, found 3 plugins.
Native extension for OSXStandalone target not found
Native extension for WebGL target not found
Package Manager log level set to [2]
[Package Manager] Server::EnsureServerProcessIsRunning -- launch failed, reason: Unity was launched with the -noUpm command-line argument
[Package Manager] UpmClient::Send -- Unable to send message (not connected to UPM process).
[Package Manager] Cannot connect to Unity Package Manager local server
Mono: successfully reloaded assembly
- Finished resetting the current domain, in  1.793 seconds
Domain Reload Profiling: 2988ms
	BeginReloadAssembly (210ms)
		ExecutionOrderSort (0ms)
		DisableScriptedObjects (10ms)
		BackupInstance (0ms)
		ReleaseScriptingObjects (0ms)
		CreateAndSetChildDomain (41ms)
	RebuildCommonClasses (61ms)
	RebuildNativeTypeToScriptingClass (19ms)
	initialDomainReloadingComplete (65ms)
	LoadAllAssembliesAndSetupDomain (838ms)
		LoadAssemblies (598ms)
		RebuildTransferFunctionScriptingTraits (0ms)
		AnalyzeDomain (339ms)
			TypeCache.Refresh (284ms)
				TypeCache.ScanAssembly (258ms)
			ScanForSourceGeneratedMonoScriptInfo (40ms)
			ResolveRequiredComponents (10ms)
	FinalizeReload (1794ms)
		ReleaseScriptCaches (0ms)
		RebuildScriptCaches (0ms)
		SetupLoadedEditorAssemblies (1470ms)
			LogAssemblyErrors (0ms)
			InitializePlatformSupportModulesInManaged (9ms)
			SetLoadedEditorAssemblies (9ms)
			RefreshPlugins (0ms)
			BeforeProcessingInitializeOnLoad (162ms)
			ProcessInitializeOnLoadAttributes (1217ms)
			ProcessInitializeOnLoadMethodAttributes (70ms)
			AfterProcessingInitializeOnLoad (2ms)
			EditorAssembliesLoaded (0ms)
		ExecutionOrderSort2 (0ms)
		AwakeInstancesAfterBackupRestoration (7ms)
Launching external process: /Applications/Unity/Unity.app/Contents/Tools/UnityShaderCompiler
Launched and connected shader compiler UnityShaderCompiler after 0.24 seconds
Refreshing native plugins compatible for Editor in 5.35 ms, found 3 plugins.
Preloading 0 native plugins for Editor in 0.00 ms.
Unloading 4408 Unused Serialized files (Serialized files now loaded: 0)
Unloading 77 unused Assets / (200.2 KB). Loaded Objects now: 4864.
Memory consumption went from 165.1 MB to 164.9 MB.
Total: 8.569780 ms (FindLiveObjects: 0.503772 ms CreateObjectMapping: 0.583887 ms MarkObjects: 7.139775 ms  DeleteObjects: 0.340696 ms)

AssetImportParameters requested are different than current active one (requested -> active):
  custom:container-demuxer-ogg: 62fdf1f143b41e24485cea50d1cbac27 -> 
  custom:video-decoder-ogg-theora: a1e56fd34408186e4bbccfd4996cb3dc -> 
  custom:CustomObjectIndexerAttribute: 43b350a4d6e6d1791af0b5038c4bea17 -> 
  custom:container-demuxer-webm: 4f35f7cbe854078d1ac9338744f61a02 -> 
  custom:container-muxer-webm: aa71ff27fc2769a1b78a27578f13a17b -> 
  custom:video-decoder-webm-vp8: 9c59270c3fd7afecdb556c50c9e8de78 -> 
  custom:SearchIndexIgnoredProperties: e643bd26f0fe6173181afceb89e7c659 -> 
  custom:AudioImporter_EditorPlatform: 3918e3fc78b5a79bad01e8451be0beb8 -> 
  custom:framework-osx-AVFoundation: e770b220cccbd017edd2c1fefb359320 -> 
  custom:video-encoder-webm-vp8: eb34c28f22e8b96e1ab97ce403110664 -> 
  custom:audio-decoder-ogg-vorbis: bf7c407c2cedff20999df2af8eb42d56 -> 
  custom:audio-encoder-webm-vorbis: bf7c407c2cedff20999df2af8eb42d56 -> 
========================================================================
Received Import Request.
  Time since last request: 566894.097543 seconds.
  path: Assets/Tiles/Overworld_0.asset
  artifactKey: Guid(9629ec33dd6294584b5d651f6040917a) Importer(815301076,1909f56bfc062723c751e8b465ee728b)
Start importing Assets/Tiles/Overworld_0.asset using Guid(9629ec33dd6294584b5d651f6040917a) Importer(815301076,1909f56bfc062723c751e8b465ee728b)  -> (artifact id: '0b3f0b760dcb62efc1cdbd542eab3a00') in 0.127560 seconds
Number of updated asset objects reloaded before import = 0
Number of asset objects unloaded after import = 3
========================================================================
Received Import Request.
  Time since last request: 0.000068 seconds.
  path: Assets/Tiles/Overworld_8.asset
  artifactKey: Guid(11f140545930046d89564f34168037e8) Importer(815301076,1909f56bfc062723c751e8b465ee728b)
Start importing Assets/Tiles/Overworld_8.asset using Guid(11f140545930046d89564f34168037e8) Importer(815301076,1909f56bfc062723c751e8b465ee728b)  -> (artifact id: 'cc26ebf157c7d81163cb890a4e2dc753') in 0.010533 seconds
Number of updated asset objects reloaded before import = 0
Number of asset objects unloaded after import = 3
========================================================================
Received Import Request.
  Time since last request: 0.000063 seconds.
  path: Assets/Tiles/Overworld_10.asset
  artifactKey: Guid(a75a2499ae9704c02abe09dbaedffddf) Importer(815301076,1909f56bfc062723c751e8b465ee728b)
Start importing Assets/Tiles/Overworld_10.asset using Guid(a75a2499ae9704c02abe09dbaedffddf) Importer(815301076,1909f56bfc062723c751e8b465ee728b)  -> (artifact id: 'a28e4af1f8f62ea64d2a0f4022daebc7') in 0.011369 seconds
Number of updated asset objects reloaded before import = 0
Number of asset objects unloaded after import = 3
========================================================================
Received Import Request.
  Time since last request: 0.000073 seconds.
  path: Assets/Tiles/Overworld_14.asset
  artifactKey: Guid(ffebff150a435471aacbf3fdc89fa335) Importer(815301076,1909f56bfc062723c751e8b465ee728b)
Start importing Assets/Tiles/Overworld_14.asset using Guid(ffebff150a435471aacbf3fdc89fa335) Importer(815301076,1909f56bfc062723c751e8b465ee728b)  -> (artifact id: 'f8f0e10b66deaf476631f8b258abf09f') in 0.012274 seconds
Number of updated asset objects reloaded before import = 0
Number of asset objects unloaded after import = 3
========================================================================
Received Import Request.
  Time since last request: 0.000101 seconds.
  path: Assets/Tiles/Overworld_2.asset
  artifactKey: Guid(12b5ddbda981f4e719def4ed39841749) Importer(815301076,1909f56bfc062723c751e8b465ee728b)
Start importing Assets/Tiles/Overworld_2.asset using Guid(12b5ddbda981f4e719def4ed39841749) Importer(815301076,1909f56bfc062723c751e8b465ee728b)  -> (artifact id: 'f420a199a00a49ecac835b162e531056') in 0.010999 seconds
Number of updated asset objects reloaded before import = 0
Number of asset objects unloaded after import = 3
========================================================================
Received Import Request.
  Time since last request: 0.000069 seconds.
  path: Assets/Tiles/Overworld_5.asset
  artifactKey: Guid(771f86df44eda489ab70e10e9b1a5ee9) Importer(815301076,1909f56bfc062723c751e8b465ee728b)
Start importing Assets/Tiles/Overworld_5.asset using Guid(771f86df44eda489ab70e10e9b1a5ee9) Importer(815301076,1909f56bfc062723c751e8b465ee728b)  -> (artifact id: 'b6fc198230a35f8635d027db8c71b788') in 0.008587 seconds
Number of updated asset objects reloaded before import = 0
Number of asset objects unloaded after import = 3
========================================================================
Received Import Request.
  Time since last request: 0.000063 seconds.
  path: Assets/Tiles/Overworld_24.asset
  artifactKey: Guid(5720bdb3fc83e42a9bc136dd0b773665) Importer(815301076,1909f56bfc062723c751e8b465ee728b)
Start importing Assets/Tiles/Overworld_24.asset using Guid(5720bdb3fc83e42a9bc136dd0b773665) Importer(815301076,1909f56bfc062723c751e8b465ee728b)  -> (artifact id: '768225b2149cf1241c11d742bcda7259') in 0.007659 seconds
Number of updated asset objects reloaded before import = 0
Number of asset objects unloaded after import = 3
========================================================================
Received Import Request.
  Time since last request: 0.000067 seconds.
  path: Assets/Tiles/Overworld_25.asset
  artifactKey: Guid(d14bb62e356074577ac79d185d439a8f) Importer(815301076,1909f56bfc062723c751e8b465ee728b)
Start importing Assets/Tiles/Overworld_25.asset using Guid(d14bb62e356074577ac79d185d439a8f) Importer(815301076,1909f56bfc062723c751e8b465ee728b)  -> (artifact id: '9d86363e2ff4cf663aac85dbc4fb115d') in 0.008781 seconds
Number of updated asset objects reloaded before import = 0
Number of asset objects unloaded after import = 3
========================================================================
Received Import Request.
  Time since last request: 0.000059 seconds.
  path: Assets/Tiles/Overworld_16.asset
  artifactKey: Guid(85765add40fb143c99a32ff023227b2d) Importer(815301076,1909f56bfc062723c751e8b465ee728b)
Start importing Assets/Tiles/Overworld_16.asset using Guid(85765add40fb143c99a32ff023227b2d) Importer(815301076,1909f56bfc062723c751e8b465ee728b)  -> (artifact id: '8fb5fba3f760f5862c55ea19925b7618') in 0.007873 seconds
Number of updated asset objects reloaded before import = 0
Number of asset objects unloaded after import = 3
========================================================================
Received Import Request.
  Time since last request: 0.000059 seconds.
  path: Assets/Tiles/Overworld_19.asset
  artifactKey: Guid(41e82033a25c8497289285dd429ed743) Importer(815301076,1909f56bfc062723c751e8b465ee728b)
Start importing Assets/Tiles/Overworld_19.asset using Guid(41e82033a25c8497289285dd429ed743) Importer(815301076,1909f56bfc062723c751e8b465ee728b)  -> (artifact id: '6c786769b4525f89c78a02a43e77caac') in 0.006640 seconds
Number of updated asset objects reloaded before import = 0
Number of asset objects unloaded after import = 3
========================================================================
Received Import Request.
  Time since last request: 0.000057 seconds.
  path: Assets/Tiles/Overworld_13.asset
  artifactKey: Guid(0f96df0a7e05a4196a2bc85a169e29f4) Importer(815301076,1909f56bfc062723c751e8b465ee728b)
Start importing Assets/Tiles/Overworld_13.asset using Guid(0f96df0a7e05a4196a2bc85a169e29f4) Importer(815301076,1909f56bfc062723c751e8b465ee728b)  -> (artifact id: 'c9ec1ec838297ad47c41df4dbfd3b5b7') in 0.006834 seconds
Number of updated asset objects reloaded before import = 0
Number of asset objects unloaded after import = 3
========================================================================
Received Import Request.
  Time since last request: 0.000072 seconds.
  path: Assets/Tiles/Overworld_27.asset
  artifactKey: Guid(1ab654ede171f4d129001968f3ff1f87) Importer(815301076,1909f56bfc062723c751e8b465ee728b)
Start importing Assets/Tiles/Overworld_27.asset using Guid(1ab654ede171f4d129001968f3ff1f87) Importer(815301076,1909f56bfc062723c751e8b465ee728b)  -> (artifact id: '1de79b42dd021c156e5c439a2a967aec') in 0.007420 seconds
Number of updated asset objects reloaded before import = 0
Number of asset objects unloaded after import = 3
========================================================================
Received Import Request.
  Time since last request: 0.000062 seconds.
  path: Assets/Tiles/Overworld_11.asset
  artifactKey: Guid(0416a3650ae2e4d36b346634ef30f8ba) Importer(815301076,1909f56bfc062723c751e8b465ee728b)
Start importing Assets/Tiles/Overworld_11.asset using Guid(0416a3650ae2e4d36b346634ef30f8ba) Importer(815301076,1909f56bfc062723c751e8b465ee728b)  -> (artifact id: 'e33b7197b7a204f29ba7184aaca6b957') in 0.007521 seconds
Number of updated asset objects reloaded before import = 0
Number of asset objects unloaded after import = 3
========================================================================
Received Import Request.
  Time since last request: 0.000058 seconds.
  path: Assets/Tiles/Overworld_1.asset
  artifactKey: Guid(caea559853f3f4a59bd4531a2b7ea545) Importer(815301076,1909f56bfc062723c751e8b465ee728b)
Start importing Assets/Tiles/Overworld_1.asset using Guid(caea559853f3f4a59bd4531a2b7ea545) Importer(815301076,1909f56bfc062723c751e8b465ee728b)  -> (artifact id: 'dfb52135148de704215edbed553d9750') in 0.007579 seconds
Number of updated asset objects reloaded before import = 0
Number of asset objects unloaded after import = 3
========================================================================
Received Import Request.
  Time since last request: 0.000078 seconds.
  path: Assets/Tiles/Overworld_9.asset
  artifactKey: Guid(a0a2e738dfe3c471380d54ed958eae0c) Importer(815301076,1909f56bfc062723c751e8b465ee728b)
Start importing Assets/Tiles/Overworld_9.asset using Guid(a0a2e738dfe3c471380d54ed958eae0c) Importer(815301076,1909f56bfc062723c751e8b465ee728b)  -> (artifact id: '477a809b402c44ef82f1fcc1ba93f4c6') in 0.007818 seconds
Number of updated asset objects reloaded before import = 0
Number of asset objects unloaded after import = 3
========================================================================
Received Import Request.
  Time since last request: 0.000059 seconds.
  path: Assets/Tiles/Overworld_4.asset
  artifactKey: Guid(41145566de9cd4102a3f2b47c4149716) Importer(815301076,1909f56bfc062723c751e8b465ee728b)
Start importing Assets/Tiles/Overworld_4.asset using Guid(41145566de9cd4102a3f2b47c4149716) Importer(815301076,1909f56bfc062723c751e8b465ee728b)  -> (artifact id: '81544b9dffa9627dfdaddc15838dcaa2') in 0.008739 seconds
Number of updated asset objects reloaded before import = 0
Number of asset objects unloaded after import = 3
========================================================================
Received Import Request.
  Time since last request: 0.000138 seconds.
  path: Assets/Tiles/Overworld_22.asset
  artifactKey: Guid(577460d544106449f9a12de1be05bbe7) Importer(815301076,1909f56bfc062723c751e8b465ee728b)
Start importing Assets/Tiles/Overworld_22.asset using Guid(577460d544106449f9a12de1be05bbe7) Importer(815301076,1909f56bfc062723c751e8b465ee728b)  -> (artifact id: '6bdd2ce43f2067e457f825014815ea10') in 0.008981 seconds
Number of updated asset objects reloaded before import = 0
Number of asset objects unloaded after import = 3
========================================================================
Received Import Request.
  Time since last request: 0.000085 seconds.
  path: Assets/Tiles/Overworld_20.asset
  artifactKey: Guid(cc78b8767b77d4871b6f73e7b9965999) Importer(815301076,1909f56bfc062723c751e8b465ee728b)
Start importing Assets/Tiles/Overworld_20.asset using Guid(cc78b8767b77d4871b6f73e7b9965999) Importer(815301076,1909f56bfc062723c751e8b465ee728b)  -> (artifact id: '21da310280db7eb268c00eb7bf66d2e5') in 0.009582 seconds
Number of updated asset objects reloaded before import = 0
Number of asset objects unloaded after import = 3
========================================================================
Received Import Request.
  Time since last request: 0.000063 seconds.
  path: Assets/Tiles/Overworld_7.asset
  artifactKey: Guid(03c55b8fde6a344f7af6ffffee75805f) Importer(815301076,1909f56bfc062723c751e8b465ee728b)
Start importing Assets/Tiles/Overworld_7.asset using Guid(03c55b8fde6a344f7af6ffffee75805f) Importer(815301076,1909f56bfc062723c751e8b465ee728b)  -> (artifact id: '57922c74671bfbd0f14388e5bf4d56d7') in 0.008592 seconds
Number of updated asset objects reloaded before import = 0
Number of asset objects unloaded after import = 3
========================================================================
Received Import Request.
  Time since last request: 0.000145 seconds.
  path: Assets/Tiles/Overworld_21.asset
  artifactKey: Guid(2a2123d71ec27406ab9bff2ee137d5fa) Importer(815301076,1909f56bfc062723c751e8b465ee728b)
Start importing Assets/Tiles/Overworld_21.asset using Guid(2a2123d71ec27406ab9bff2ee137d5fa) Importer(815301076,1909f56bfc062723c751e8b465ee728b)  -> (artifact id: '27bc81d9ea0e35a44f3d062836a680eb') in 0.011211 seconds
Number of updated asset objects reloaded before import = 0
Number of asset objects unloaded after import = 3
========================================================================
Received Import Request.
  Time since last request: 0.000085 seconds.
  path: Assets/Tiles/Overworld_17.asset
  artifactKey: Guid(effcee7e75d174cdb9e92755a6fbd38f) Importer(815301076,1909f56bfc062723c751e8b465ee728b)
Start importing Assets/Tiles/Overworld_17.asset using Guid(effcee7e75d174cdb9e92755a6fbd38f) Importer(815301076,1909f56bfc062723c751e8b465ee728b)  -> (artifact id: '360182048d97c409a3989e300c7db66d') in 0.008977 seconds
Number of updated asset objects reloaded before import = 0
Number of asset objects unloaded after import = 3
========================================================================
Received Import Request.
  Time since last request: 0.000078 seconds.
  path: Assets/Tiles/Overworld_23.asset
  artifactKey: Guid(b9b556ce2985f4354877957a37187582) Importer(815301076,1909f56bfc062723c751e8b465ee728b)
Start importing Assets/Tiles/Overworld_23.asset using Guid(b9b556ce2985f4354877957a37187582) Importer(815301076,1909f56bfc062723c751e8b465ee728b)  -> (artifact id: 'b5010fabbe98ab1d5ac7ab56869efaad') in 0.009907 seconds
Number of updated asset objects reloaded before import = 0
Number of asset objects unloaded after import = 3
========================================================================
Received Import Request.
  Time since last request: 0.000089 seconds.
  path: Assets/Tiles/Overworld_15.asset
  artifactKey: Guid(085802dcb862c4f62aa69d4b8167eb5d) Importer(815301076,1909f56bfc062723c751e8b465ee728b)
Start importing Assets/Tiles/Overworld_15.asset using Guid(085802dcb862c4f62aa69d4b8167eb5d) Importer(815301076,1909f56bfc062723c751e8b465ee728b)  -> (artifact id: '31e21f6d658c911e559ee41dea78bbe0') in 0.009186 seconds
Number of updated asset objects reloaded before import = 0
Number of asset objects unloaded after import = 3
========================================================================
Received Import Request.
  Time since last request: 0.000063 seconds.
  path: Assets/Tiles/Overworld_18.asset
  artifactKey: Guid(3748488ccb47d4c8ab1e4074cf5f96b1) Importer(815301076,1909f56bfc062723c751e8b465ee728b)
Start importing Assets/Tiles/Overworld_18.asset using Guid(3748488ccb47d4c8ab1e4074cf5f96b1) Importer(815301076,1909f56bfc062723c751e8b465ee728b)  -> (artifact id: 'e46a3d9070bb1e0a9abc9d17ea39900a') in 0.009379 seconds
Number of updated asset objects reloaded before import = 0
Number of asset objects unloaded after import = 3
========================================================================
Received Import Request.
  Time since last request: 0.000067 seconds.
  path: Assets/Tiles/Overworld_28.asset
  artifactKey: Guid(5052e6f422379426e9dc708be5f43135) Importer(815301076,1909f56bfc062723c751e8b465ee728b)
Start importing Assets/Tiles/Overworld_28.asset using Guid(5052e6f422379426e9dc708be5f43135) Importer(815301076,1909f56bfc062723c751e8b465ee728b)  -> (artifact id: '25f94d2e62c4a87cd0809d488d4907da') in 0.008500 seconds
Number of updated asset objects reloaded before import = 0
Number of asset objects unloaded after import = 3
========================================================================
Received Import Request.
  Time since last request: 0.000086 seconds.
  path: Assets/Tiles/Overworld_3.asset
  artifactKey: Guid(851d70267fdb041b8be6428cc9f993f3) Importer(815301076,1909f56bfc062723c751e8b465ee728b)
Start importing Assets/Tiles/Overworld_3.asset using Guid(851d70267fdb041b8be6428cc9f993f3) Importer(815301076,1909f56bfc062723c751e8b465ee728b)  -> (artifact id: '1c964ca45dd9e208569ac38945ca28ee') in 0.009366 seconds
Number of updated asset objects reloaded before import = 0
Number of asset objects unloaded after import = 3
========================================================================
Received Import Request.
  Time since last request: 0.000103 seconds.
  path: Assets/Tiles/Overworld_26.asset
  artifactKey: Guid(b45b6fd88801d4515b0611656ef41c27) Importer(815301076,1909f56bfc062723c751e8b465ee728b)
Start importing Assets/Tiles/Overworld_26.asset using Guid(b45b6fd88801d4515b0611656ef41c27) Importer(815301076,1909f56bfc062723c751e8b465ee728b)  -> (artifact id: 'bc6b17e32efdf8dce3c19b53d0975f8b') in 0.009520 seconds
Number of updated asset objects reloaded before import = 0
Number of asset objects unloaded after import = 3
========================================================================
Received Import Request.
  Time since last request: 0.000079 seconds.
  path: Assets/Tiles/Overworld_6.asset
  artifactKey: Guid(c471754c14baf48ffb014053c6cb66ea) Importer(815301076,1909f56bfc062723c751e8b465ee728b)
Start importing Assets/Tiles/Overworld_6.asset using Guid(c471754c14baf48ffb014053c6cb66ea) Importer(815301076,1909f56bfc062723c751e8b465ee728b)  -> (artifact id: '69b87e5355467c764d61a397d921d6be') in 0.008081 seconds
Number of updated asset objects reloaded before import = 0
Number of asset objects unloaded after import = 3
========================================================================
Received Import Request.
  Time since last request: 0.000072 seconds.
  path: Assets/Tiles/Overworld_12.asset
  artifactKey: Guid(6b0e1d381daa947bfbc3620c361d4bf9) Importer(815301076,1909f56bfc062723c751e8b465ee728b)
Start importing Assets/Tiles/Overworld_12.asset using Guid(6b0e1d381daa947bfbc3620c361d4bf9) Importer(815301076,1909f56bfc062723c751e8b465ee728b)  -> (artifact id: '076276bfc2013ab2bce15c11c1027693') in 0.009397 seconds
Number of updated asset objects reloaded before import = 0
Number of asset objects unloaded after import = 3
========================================================================
Received Prepare
Begin MonoManager ReloadAssembly
- Loaded All Assemblies, in  0.898 seconds
Refreshing native plugins compatible for Editor in 3.88 ms, found 3 plugins.
Native extension for OSXStandalone target not found
Native extension for WebGL target not found
[Package Manager] Server::EnsureServerProcessIsRunning -- launch failed, reason: Unity was launched with the -noUpm command-line argument
[Package Manager] UpmClient::Send -- Unable to send message (not connected to UPM process).
[Package Manager] Cannot connect to Unity Package Manager local server
Mono: successfully reloaded assembly
- Finished resetting the current domain, in  2.588 seconds
Domain Reload Profiling: 3486ms
	BeginReloadAssembly (271ms)
		ExecutionOrderSort (0ms)
		DisableScriptedObjects (22ms)
		BackupInstance (0ms)
		ReleaseScriptingObjects (0ms)
		CreateAndSetChildDomain (94ms)
	RebuildCommonClasses (67ms)
	RebuildNativeTypeToScriptingClass (22ms)
	initialDomainReloadingComplete (45ms)
	LoadAllAssembliesAndSetupDomain (492ms)
		LoadAssemblies (540ms)
		RebuildTransferFunctionScriptingTraits (0ms)
		AnalyzeDomain (62ms)
			TypeCache.Refresh (15ms)
				TypeCache.ScanAssembly (0ms)
			ScanForSourceGeneratedMonoScriptInfo (33ms)
			ResolveRequiredComponents (11ms)
	FinalizeReload (2588ms)
		ReleaseScriptCaches (0ms)
		RebuildScriptCaches (0ms)
		SetupLoadedEditorAssemblies (1389ms)
			LogAssemblyErrors (0ms)
			InitializePlatformSupportModulesInManaged (9ms)
			SetLoadedEditorAssemblies (9ms)
			RefreshPlugins (0ms)
			BeforeProcessingInitializeOnLoad (170ms)
			ProcessInitializeOnLoadAttributes (1139ms)
			ProcessInitializeOnLoadMethodAttributes (59ms)
			AfterProcessingInitializeOnLoad (1ms)
			EditorAssembliesLoaded (0ms)
		ExecutionOrderSort2 (0ms)
		AwakeInstancesAfterBackupRestoration (20ms)
Refreshing native plugins compatible for Editor in 3.18 ms, found 3 plugins.
Preloading 0 native plugins for Editor in 0.00 ms.
Unloading 4403 Unused Serialized files (Serialized files now loaded: 0)
Unloading 43 unused Assets / (178.3 KB). Loaded Objects now: 4876.
Memory consumption went from 178.5 MB to 178.3 MB.
Total: 7.164979 ms (FindLiveObjects: 0.435781 ms CreateObjectMapping: 0.436777 ms MarkObjects: 6.041361 ms  DeleteObjects: 0.249905 ms)

Prepare: number of updated asset objects reloaded= 0
AssetImportParameters requested are different than current active one (requested -> active):
  custom:container-demuxer-ogg: 62fdf1f143b41e24485cea50d1cbac27 -> 
  custom:video-decoder-ogg-theora: a1e56fd34408186e4bbccfd4996cb3dc -> 
  custom:CustomObjectIndexerAttribute: 43b350a4d6e6d1791af0b5038c4bea17 -> 
  custom:container-demuxer-webm: 4f35f7cbe854078d1ac9338744f61a02 -> 
  custom:container-muxer-webm: aa71ff27fc2769a1b78a27578f13a17b -> 
  custom:video-decoder-webm-vp8: 9c59270c3fd7afecdb556c50c9e8de78 -> 
  custom:SearchIndexIgnoredProperties: e643bd26f0fe6173181afceb89e7c659 -> 
  custom:AudioImporter_EditorPlatform: 3918e3fc78b5a79bad01e8451be0beb8 -> 
  custom:framework-osx-AVFoundation: e770b220cccbd017edd2c1fefb359320 -> 
  custom:video-encoder-webm-vp8: eb34c28f22e8b96e1ab97ce403110664 -> 
  custom:audio-decoder-ogg-vorbis: bf7c407c2cedff20999df2af8eb42d56 -> 
  custom:audio-encoder-webm-vorbis: bf7c407c2cedff20999df2af8eb42d56 -> 
Editor requested this worker to shutdown with reason: Scaling down because of idle timeout
TcpMessagingSession - receive error: operation aborted. errorcode: 89, details: Operation aborted.
AssetImportWorker is now disconnected from the server
Process exiting
